INFO: 使用交易对：
INFO: ETH_USDT
INFO: 对冲USDT消耗数量：
INFO: 50
INFO: 买一353.3591卖一353.473平价353.416
INFO: 调试信息:
INFO: {'result': [{'result': 17221738, 'cmd': 'orderpending/trade', 'index': 1}, {'result': 17221739, 'cmd': 'orderpending/trade', 'index': 2}]}
INFO: 订单正在等待撮合...
INFO: 订单正在等待撮合...
INFO: 订单正在等待撮合...
INFO: 订单正在等待撮合...
INFO: 订单正在等待撮合...
INFO: 订单正在等待撮合...
INFO: 订单正在等待撮合...
INFO: 订单正在等待撮合...
INFO: 订单正在等待撮合...
INFO: 订单正在等待撮合...
INFO: 2号：订单号17221739
INFO: 撤销卖单
INFO: 撤销缓冲...
INFO: 订单正在等待撮合...
INFO: 订单正在等待撮合...
INFO: 订单正在等待撮合...
INFO: 订单正在等待撮合...
INFO: 订单正在等待撮合...
INFO: 订单正在等待撮合...
INFO: 订单正在等待撮合...
INFO: 订单正在等待撮合...
INFO: 订单正在等待撮合...
INFO: 订单正在等待撮合...
INFO: 1号：订单号17221738
INFO: 撤销买单
INFO: 撤销缓冲...
INFO: 结尾日志:
INFO: {'result': [{'result': 17221738, 'cmd': 'orderpending/trade', 'index': 1}, {'result': 17221739, 'cmd': 'orderpending/trade', 'index': 2}]}
INFO: 买一353.3591卖一353.473平价353.416
INFO: 调试信息:
INFO: {'result': [{'error': {'code': '2027', 'msg': '可用余额不足'}, 'cmd': 'orderpending/trade', 'index': 2}, {'result': 17221785, 'cmd': 'orderpending/trade', 'index': 1}], 'error': {'code': '2027', 'msg': '可用余额不足'}, 'cmd': 'orderpending/trade', 'index': 2}
INFO: 买一353.3591卖一353.473平价353.416
INFO: 调试信息:
INFO: {'result': [{'error': {'code': '2027', 'msg': '可用余额不足'}, 'cmd': 'orderpending/trade', 'index': 1}, {'error': {'code': '2027', 'msg': '可用余额不足'}, 'cmd': 'orderpending/trade', 'index': 2}], 'error': {'code': '2027', 'msg': '可用余额不足'}, 'cmd': 'orderpending/trade', 'index': 1}
INFO: 买一353.3591卖一353.473平价353.416
INFO: 调试信息:
INFO: {'result': [{'error': {'code': '2027', 'msg': '可用余额不足'}, 'cmd': 'orderpending/trade', 'index': 1}, {'error': {'code': '2027', 'msg': '可用余额不足'}, 'cmd': 'orderpending/trade', 'index': 2}], 'error': {'code': '2027', 'msg': '可用余额不足'}, 'cmd': 'orderpending/trade', 'index': 1}
